<?xml version="1.0" encoding="UTF-8"?>
<!-- Generated by org.testng.reporters.JUnitXMLReporter -->
<testsuite hostname="Patel" ignored="0" name="Default test" tests="3" failures="0" timestamp="02 Oct 2022 17:19:50 GMT" time="48.861" errors="0">
  <testcase name="E2Eorder" time="7.684" classname="aayushpatelframework.TestCases.StandaloneTest"/>
  <testcase name="E2Eorder" time="13.136" classname="aayushpatelframework.TestCases.StandaloneTest"/>
  <testcase name="OrderHistoryTest" time="2.376" classname="aayushpatelframework.TestCases.StandaloneTest"/>
</testsuite> <!-- Default test -->
