<?xml version="1.0" encoding="UTF-8"?>
<!-- Generated by org.testng.reporters.JUnitXMLReporter -->
<testsuite ignored="0" hostname="LAPTOP-J1DRFQ3J" failures="1" tests="3" name="Error" time="21.653" errors="0" timestamp="07 Oct 2022 13:48:46 GMT">
  <testcase classname="aayushpatelframework.TestCases.ErrorValidationTest" name="loginValidation" time="0.654"/>
  <testcase classname="aayushpatelframework.TestCases.ErrorValidationTest" name="loginValidationerror" time="0.721">
    <failure type="java.lang.AssertionError" message="expected [Incorrect emai or password.] but found [Incorrect email or password.]">
      <![CDATA[java.lang.AssertionError: expected [Incorrect emai or password.] but found [Incorrect email or password.]
at aayushpatelframework.TestCases.ErrorValidationTest.loginValidationerror(ErrorValidationTest.java:24)
... Removed 31 stack frames]]>
    </failure>
  </testcase> <!-- loginValidationerror -->
  <testcase classname="aayushpatelframework.TestCases.ErrorValidationTest" name="productValidation" time="2.747"/>
</testsuite> <!-- Error -->
