<?xml version="1.0" encoding="UTF-8"?>
<!-- Generated by org.testng.reporters.JUnitXMLReporter -->
<testsuite hostname="Patel" ignored="0" name="Error" tests="3" failures="2" timestamp="05 Oct 2022 10:44:22 GMT" time="16.119" errors="0">
  <testcase name="loginValidation" time="1.094" classname="aayushpatelframework.TestCases.ErrorValidationTest"/>
  <testcase name="loginValidationerror" time="1.033" classname="aayushpatelframework.TestCases.ErrorValidationTest">
    <failure type="java.lang.AssertionError" message="expected [Incorrect emai or password.] but found [Incorrect email or password.]">
      <![CDATA[java.lang.AssertionError: expected [Incorrect emai or password.] but found [Incorrect email or password.]
at aayushpatelframework.TestCases.ErrorValidationTest.loginValidationerror(ErrorValidationTest.java:24)
... Removed 31 stack frames]]>
    </failure>
  </testcase> <!-- loginValidationerror -->
  <testcase name="loginValidationerror" time="7.596" classname="aayushpatelframework.TestCases.ErrorValidationTest">
    <failure type="java.lang.NullPointerException">
      <![CDATA[java.lang.NullPointerException
at aayushpatelframework.BaseTest.Base.getScreenShot(Base.java:58)
at aayushpatelframework.BaseTest.Listeners.onTestFailure(Listeners.java:43)
... Removed 22 stack frames]]>
    </failure>
  </testcase> <!-- loginValidationerror -->
</testsuite> <!-- Error -->
