<?xml version="1.0" encoding="UTF-8"?>
<!-- Generated by org.testng.reporters.JUnitXMLReporter -->
<testsuite ignored="0" hostname="LAPTOP-J1DRFQ3J" failures="0" tests="3" name="SubmitOrder" time="34.145" errors="0" timestamp="06 Oct 2022 16:00:23 GMT">
  <testcase classname="aayushpatelframework.TestCases.StandaloneTest" name="E2Eorder" time="9.671"/>
  <testcase classname="aayushpatelframework.TestCases.StandaloneTest" name="E2Eorder" time="9.613"/>
  <testcase classname="aayushpatelframework.TestCases.StandaloneTest" name="OrderHistoryTest" time="0.617"/>
</testsuite> <!-- SubmitOrder -->
