<?xml version="1.0" encoding="UTF-8"?>
<!-- Generated by org.testng.reporters.JUnitXMLReporter -->
<testsuite ignored="0" hostname="LAPTOP-J1DRFQ3J" failures="0" tests="3" name="SubmitOrder" time="37.101" errors="0" timestamp="07 Oct 2022 13:48:24 GMT">
  <testcase classname="aayushpatelframework.TestCases.StandaloneTest" name="E2Eorder" time="5.233"/>
  <testcase classname="aayushpatelframework.TestCases.StandaloneTest" name="E2Eorder" time="10.889"/>
  <testcase classname="aayushpatelframework.TestCases.StandaloneTest" name="OrderHistoryTest" time="1.11"/>
</testsuite> <!-- SubmitOrder -->
