<?xml version="1.0" encoding="UTF-8"?>
<!-- Generated by org.testng.reporters.JUnitXMLReporter -->
<testsuite ignored="0" hostname="Patel" failures="1" tests="3" name="Error" time="37.11" errors="0" timestamp="07 Oct 2022 14:21:59 GMT">
  <testcase classname="aayushpatelframework.TestCases.ErrorValidationTest" name="loginValidation" time="1.54"/>
  <testcase classname="aayushpatelframework.TestCases.ErrorValidationTest" name="loginValidationerror" time="1.318">
    <failure type="java.lang.AssertionError" message="expected [Incorrect emai or password.] but found [Incorrect email or password.]">
      <![CDATA[java.lang.AssertionError: expected [Incorrect emai or password.] but found [Incorrect email or password.]
at aayushpatelframework.TestCases.ErrorValidationTest.loginValidationerror(ErrorValidationTest.java:24)
... Removed 35 stack frames]]>
    </failure>
  </testcase> <!-- loginValidationerror -->
  <testcase classname="aayushpatelframework.TestCases.ErrorValidationTest" name="productValidation" time="10.665"/>
</testsuite> <!-- Error -->
