<?xml version="1.0" encoding="UTF-8"?>
<!-- Generated by org.testng.reporters.JUnitXMLReporter -->
<testsuite ignored="0" hostname="Patel" failures="0" tests="3" name="SubmitOrder" time="56.708" errors="0" timestamp="07 Oct 2022 14:21:21 GMT">
  <testcase classname="aayushpatelframework.TestCases.StandaloneTest" name="E2Eorder" time="13.137"/>
  <testcase classname="aayushpatelframework.TestCases.StandaloneTest" name="E2Eorder" time="12.723"/>
  <testcase classname="aayushpatelframework.TestCases.StandaloneTest" name="OrderHistoryTest" time="2.862"/>
</testsuite> <!-- SubmitOrder -->
