<?xml version="1.0" encoding="UTF-8"?>
<!-- Generated by org.testng.reporters.JUnitXMLReporter -->
<testsuite hostname="Patel" ignored="0" name="SubmitOrder" tests="3" failures="0" timestamp="05 Oct 2022 12:16:20 GMT" time="51.134" errors="0">
  <testcase name="E2Eorder" time="12.959" classname="aayushpatelframework.TestCases.StandaloneTest"/>
  <testcase name="E2Eorder" time="12.511" classname="aayushpatelframework.TestCases.StandaloneTest"/>
  <testcase name="OrderHistoryTest" time="1.815" classname="aayushpatelframework.TestCases.StandaloneTest"/>
</testsuite> <!-- SubmitOrder -->
