<?xml version="1.0" encoding="UTF-8"?>
<testng-results skipped="0" failed="1" ignored="0" total="6" passed="5">
  <reporter-output>
  </reporter-output>
  <suite name="Suite" duration-ms="94326" started-at="2022-10-07T13:16:22Z" finished-at="2022-10-07T13:17:57Z">
    <groups>
      <group name="purchase">
        <method signature="StandaloneTest.E2Eorder(java.util.HashMap)[pri:0, instance:aayushpatelframework.TestCases.StandaloneTest@306cf3ea]" name="E2Eorder" class="aayushpatelframework.TestCases.StandaloneTest"/>
      </group> <!-- purchase -->
    </groups>
    <test name="SubmitOrder" duration-ms="54120" started-at="2022-10-07T13:16:22Z" finished-at="2022-10-07T13:17:17Z">
      <class name="aayushpatelframework.TestCases.StandaloneTest">
        <test-method status="PASS" signature="goTo()[pri:0, instance:aayushpatelframework.TestCases.StandaloneTest@306cf3ea]" name="goTo" is-config="true" duration-ms="11026" started-at="2022-10-07T13:16:23Z" finished-at="2022-10-07T13:16:34Z">
          <reporter-output>
          </reporter-output>
        </test-method> <!-- goTo -->
        <test-method status="PASS" signature="E2Eorder(java.util.HashMap)[pri:0, instance:aayushpatelframework.TestCases.StandaloneTest@306cf3ea]" name="E2Eorder" duration-ms="12817" started-at="2022-10-07T13:16:34Z" data-provider="getdata" finished-at="2022-10-07T13:16:47Z">
          <params>
            <param index="0">
              <value>
                <![CDATA[{password=Aayush@123, product=zara coat 3, email=aayushp47@gmail.com}]]>
              </value>
            </param>
          </params>
          <reporter-output>
          </reporter-output>
        </test-method> <!-- E2Eorder -->
        <test-method status="PASS" signature="tearDown()[pri:0, instance:aayushpatelframework.TestCases.StandaloneTest@306cf3ea]" name="tearDown" is-config="true" duration-ms="502" started-at="2022-10-07T13:16:47Z" finished-at="2022-10-07T13:16:48Z">
          <reporter-output>
          </reporter-output>
        </test-method> <!-- tearDown -->
        <test-method status="PASS" signature="goTo()[pri:0, instance:aayushpatelframework.TestCases.StandaloneTest@306cf3ea]" name="goTo" is-config="true" duration-ms="6496" started-at="2022-10-07T13:16:48Z" finished-at="2022-10-07T13:16:54Z">
          <reporter-output>
          </reporter-output>
        </test-method> <!-- goTo -->
        <test-method status="PASS" signature="E2Eorder(java.util.HashMap)[pri:0, instance:aayushpatelframework.TestCases.StandaloneTest@306cf3ea]" name="E2Eorder" duration-ms="12510" started-at="2022-10-07T13:16:54Z" data-provider="getdata" finished-at="2022-10-07T13:17:07Z">
          <params>
            <param index="0">
              <value>
                <![CDATA[{password=Iamking@000, product=adidas original, email=shetty@gmail.com}]]>
              </value>
            </param>
          </params>
          <reporter-output>
          </reporter-output>
        </test-method> <!-- E2Eorder -->
        <test-method status="PASS" signature="tearDown()[pri:0, instance:aayushpatelframework.TestCases.StandaloneTest@306cf3ea]" name="tearDown" is-config="true" duration-ms="266" started-at="2022-10-07T13:17:07Z" finished-at="2022-10-07T13:17:07Z">
          <reporter-output>
          </reporter-output>
        </test-method> <!-- tearDown -->
        <test-method status="PASS" signature="goTo()[pri:0, instance:aayushpatelframework.TestCases.StandaloneTest@306cf3ea]" name="goTo" is-config="true" duration-ms="6971" started-at="2022-10-07T13:17:07Z" finished-at="2022-10-07T13:17:14Z">
          <reporter-output>
          </reporter-output>
        </test-method> <!-- goTo -->
        <test-method status="PASS" signature="OrderHistoryTest()[pri:0, instance:aayushpatelframework.TestCases.StandaloneTest@306cf3ea]" name="OrderHistoryTest" duration-ms="2515" started-at="2022-10-07T13:17:14Z" depends-on-methods="aayushpatelframework.TestCases.StandaloneTest.E2Eorder" finished-at="2022-10-07T13:17:16Z">
          <reporter-output>
          </reporter-output>
        </test-method> <!-- OrderHistoryTest -->
        <test-method status="PASS" signature="tearDown()[pri:0, instance:aayushpatelframework.TestCases.StandaloneTest@306cf3ea]" name="tearDown" is-config="true" duration-ms="209" started-at="2022-10-07T13:17:16Z" finished-at="2022-10-07T13:17:17Z">
          <reporter-output>
          </reporter-output>
        </test-method> <!-- tearDown -->
      </class> <!-- aayushpatelframework.TestCases.StandaloneTest -->
    </test> <!-- SubmitOrder -->
    <test name="Error" duration-ms="39034" started-at="2022-10-07T13:17:18Z" finished-at="2022-10-07T13:17:57Z">
      <class name="aayushpatelframework.TestCases.ErrorValidationTest">
        <test-method status="PASS" signature="goTo()[pri:0, instance:aayushpatelframework.TestCases.ErrorValidationTest@68c72235]" name="goTo" is-config="true" duration-ms="7315" started-at="2022-10-07T13:17:18Z" finished-at="2022-10-07T13:17:25Z">
          <reporter-output>
          </reporter-output>
        </test-method> <!-- goTo -->
        <test-method status="PASS" signature="loginValidation()[pri:0, instance:aayushpatelframework.TestCases.ErrorValidationTest@68c72235]" name="loginValidation" duration-ms="1280" started-at="2022-10-07T13:17:25Z" finished-at="2022-10-07T13:17:26Z">
          <reporter-output>
          </reporter-output>
        </test-method> <!-- loginValidation -->
        <test-method status="PASS" signature="tearDown()[pri:0, instance:aayushpatelframework.TestCases.ErrorValidationTest@68c72235]" name="tearDown" is-config="true" duration-ms="391" started-at="2022-10-07T13:17:26Z" finished-at="2022-10-07T13:17:27Z">
          <reporter-output>
          </reporter-output>
        </test-method> <!-- tearDown -->
        <test-method status="PASS" signature="goTo()[pri:0, instance:aayushpatelframework.TestCases.ErrorValidationTest@68c72235]" name="goTo" is-config="true" duration-ms="7876" started-at="2022-10-07T13:17:27Z" finished-at="2022-10-07T13:17:35Z">
          <reporter-output>
          </reporter-output>
        </test-method> <!-- goTo -->
        <test-method status="FAIL" signature="loginValidationerror()[pri:0, instance:aayushpatelframework.TestCases.ErrorValidationTest@68c72235]" name="loginValidationerror" duration-ms="1365" started-at="2022-10-07T13:17:35Z" finished-at="2022-10-07T13:17:36Z">
          <exception class="java.lang.AssertionError">
            <message>
              <![CDATA[expected [Incorrect emai or password.] but found [Incorrect email or password.]]]>
            </message>
            <full-stacktrace>
              <![CDATA[java.lang.AssertionError: expected [Incorrect emai or password.] but found [Incorrect email or password.]
at org.testng.Assert.fail(Assert.java:96)
at org.testng.Assert.failNotEquals(Assert.java:776)
at org.testng.Assert.assertEqualsImpl(Assert.java:137)
at org.testng.Assert.assertEquals(Assert.java:118)
at org.testng.Assert.assertEquals(Assert.java:453)
at org.testng.Assert.assertEquals(Assert.java:463)
at aayushpatelframework.TestCases.ErrorValidationTest.loginValidationerror(ErrorValidationTest.java:24)
at sun.reflect.NativeMethodAccessorImpl.invoke0(Native Method)
at sun.reflect.NativeMethodAccessorImpl.invoke(NativeMethodAccessorImpl.java:62)
at sun.reflect.DelegatingMethodAccessorImpl.invoke(DelegatingMethodAccessorImpl.java:43)
at java.lang.reflect.Method.invoke(Method.java:498)
at org.testng.internal.MethodInvocationHelper.invokeMethod(MethodInvocationHelper.java:124)
at org.testng.internal.Invoker.invokeMethod(Invoker.java:583)
at org.testng.internal.Invoker.invokeTestMethod(Invoker.java:719)
at org.testng.internal.Invoker.invokeTestMethods(Invoker.java:989)
at org.testng.internal.TestMethodWorker.invokeTestMethods(TestMethodWorker.java:125)
at org.testng.internal.TestMethodWorker.run(TestMethodWorker.java:109)
at org.testng.TestRunner.privateRun(TestRunner.java:648)
at org.testng.TestRunner.run(TestRunner.java:505)
at org.testng.SuiteRunner.runTest(SuiteRunner.java:455)
at org.testng.SuiteRunner.runSequentially(SuiteRunner.java:450)
at org.testng.SuiteRunner.privateRun(SuiteRunner.java:415)
at org.testng.SuiteRunner.run(SuiteRunner.java:364)
at org.testng.SuiteRunnerWorker.runSuite(SuiteRunnerWorker.java:52)
at org.testng.SuiteRunnerWorker.run(SuiteRunnerWorker.java:84)
at org.testng.TestNG.runSuitesSequentially(TestNG.java:1208)
at org.testng.TestNG.runSuitesLocally(TestNG.java:1137)
at org.testng.TestNG.runSuites(TestNG.java:1049)
at org.testng.TestNG.run(TestNG.java:1017)
at org.testng.remote.AbstractRemoteTestNG.run(AbstractRemoteTestNG.java:115)
at org.testng.remote.RemoteTestNG.initAndRun(RemoteTestNG.java:251)
at org.testng.remote.RemoteTestNG.main(RemoteTestNG.java:77)
]]>
            </full-stacktrace>
          </exception> <!-- java.lang.AssertionError -->
          <reporter-output>
          </reporter-output>
        </test-method> <!-- loginValidationerror -->
        <test-method status="PASS" signature="tearDown()[pri:0, instance:aayushpatelframework.TestCases.ErrorValidationTest@68c72235]" name="tearDown" is-config="true" duration-ms="301" started-at="2022-10-07T13:17:37Z" finished-at="2022-10-07T13:17:37Z">
          <reporter-output>
          </reporter-output>
        </test-method> <!-- tearDown -->
        <test-method status="PASS" signature="goTo()[pri:0, instance:aayushpatelframework.TestCases.ErrorValidationTest@68c72235]" name="goTo" is-config="true" duration-ms="8730" started-at="2022-10-07T13:17:37Z" finished-at="2022-10-07T13:17:46Z">
          <reporter-output>
          </reporter-output>
        </test-method> <!-- goTo -->
        <test-method status="PASS" signature="productValidation()[pri:0, instance:aayushpatelframework.TestCases.ErrorValidationTest@68c72235]" name="productValidation" duration-ms="10261" started-at="2022-10-07T13:17:46Z" finished-at="2022-10-07T13:17:56Z">
          <reporter-output>
          </reporter-output>
        </test-method> <!-- productValidation -->
        <test-method status="PASS" signature="tearDown()[pri:0, instance:aayushpatelframework.TestCases.ErrorValidationTest@68c72235]" name="tearDown" is-config="true" duration-ms="264" started-at="2022-10-07T13:17:56Z" finished-at="2022-10-07T13:17:57Z">
          <reporter-output>
          </reporter-output>
        </test-method> <!-- tearDown -->
      </class> <!-- aayushpatelframework.TestCases.ErrorValidationTest -->
    </test> <!-- Error -->
  </suite> <!-- Suite -->
</testng-results>
